<?xml version="1.0" encoding="UTF-8"?>
<robot generator="Robot 5.0 (Python 3.9.5 on win32)" generated="20220506 15:31:49.229" rpa="false" schemaversion="3">
<suite id="s1" name="AvailabilityOfProduct" source="C:\Users\DELL\PycharmProjects\DigikalaTest\TestCase\AvailabilityOfProduct.robot">
<test id="s1-t1" name="Buy Product" line="16">
<kw name="Start TestCase" library="CommonFunctionality" type="SETUP">
<kw name="Set Selenium Speed" library="SeleniumLibrary">
<arg>${SPEED}</arg>
<doc>Sets the delay that is waited after each Selenium command.</doc>
<status status="PASS" starttime="20220506 15:31:50.422" endtime="20220506 15:31:50.422"/>
</kw>
<kw name="Set Selenium Timeout" library="SeleniumLibrary">
<arg>${TIMEOUT}</arg>
<doc>Sets the timeout that is used by various keywords.</doc>
<status status="PASS" starttime="20220506 15:31:50.422" endtime="20220506 15:31:50.423"/>
</kw>
<kw name="Set Selenium Implicit Wait" library="SeleniumLibrary">
<arg>${WAIT}</arg>
<doc>Sets the implicit wait value used by Selenium.</doc>
<status status="PASS" starttime="20220506 15:31:50.423" endtime="20220506 15:31:50.423"/>
</kw>
<kw name="Open Browser" library="SeleniumLibrary">
<arg>${URL}</arg>
<arg>${BROWSER}</arg>
<arg>options=add_argument("--ignore-certificate-errors")</arg>
<doc>Opens a new browser instance to the optional ``url``.</doc>
<msg timestamp="20220506 15:31:50.424" level="INFO">Opening browser 'chrome' to base url 'https://www.digikala.com/'.</msg>
<status status="PASS" starttime="20220506 15:31:50.423" endtime="20220506 15:32:41.048"/>
</kw>
<kw name="Maximize Browser Window" library="SeleniumLibrary">
<doc>Maximizes current browser window.</doc>
<status status="PASS" starttime="20220506 15:32:41.057" endtime="20220506 15:32:41.641"/>
</kw>
<status status="PASS" starttime="20220506 15:31:50.421" endtime="20220506 15:32:41.645"/>
</kw>
<kw name="Open Category Menu" library="CheckAvailabilityOfProduct">
<kw name="Wait Until Element Is Visible" library="SeleniumLibrary">
<arg>${categoryMenu}</arg>
<doc>Waits until the element ``locator`` is visible.</doc>
<status status="PASS" starttime="20220506 15:32:41.663" endtime="20220506 15:32:42.197"/>
</kw>
<kw name="Wait Until Keyword Succeeds" library="BuiltIn">
<arg>5x</arg>
<arg>10s</arg>
<arg>Click Element</arg>
<arg>${categoryMenu}</arg>
<doc>Runs the specified keyword and retries if it fails.</doc>
<kw name="Click Element" library="SeleniumLibrary">
<arg>${categoryMenu}</arg>
<doc>Click the element identified by ``locator``.</doc>
<msg timestamp="20220506 15:32:42.204" level="INFO">Clicking element '//*[@id="base_layout_desktop_fixed_header"]/header/nav/div[1]/div[1]/div[1]/div/span'.</msg>
<status status="PASS" starttime="20220506 15:32:42.202" endtime="20220506 15:32:42.562"/>
</kw>
<status status="PASS" starttime="20220506 15:32:42.198" endtime="20220506 15:32:42.562"/>
</kw>
<status status="PASS" starttime="20220506 15:32:41.660" endtime="20220506 15:32:42.563"/>
</kw>
<kw name="Select Category" library="CheckAvailabilityOfProduct">
<kw name="Wait Until Page Contains Element" library="SeleniumLibrary">
<arg>${appleCategory}</arg>
<doc>Waits until the element ``locator`` appears on the current page.</doc>
<status status="PASS" starttime="20220506 15:32:42.576" endtime="20220506 15:32:42.804"/>
</kw>
<kw name="Wait Until Keyword Succeeds" library="BuiltIn">
<arg>5x</arg>
<arg>10s</arg>
<arg>Click Element</arg>
<arg>${appleCategory}</arg>
<doc>Runs the specified keyword and retries if it fails.</doc>
<kw name="Click Element" library="SeleniumLibrary">
<arg>${appleCategory}</arg>
<doc>Click the element identified by ``locator``.</doc>
<msg timestamp="20220506 15:32:42.807" level="INFO">Clicking element '//span[contains(text(),'اپل')]'.</msg>
<status status="PASS" starttime="20220506 15:32:42.806" endtime="20220506 15:32:43.574"/>
</kw>
<status status="PASS" starttime="20220506 15:32:42.805" endtime="20220506 15:32:43.575"/>
</kw>
<kw name="Set Selenium Implicit Wait" library="SeleniumLibrary">
<arg>20s</arg>
<doc>Sets the implicit wait value used by Selenium.</doc>
<status status="PASS" starttime="20220506 15:32:43.575" endtime="20220506 15:32:43.585"/>
</kw>
<kw name="Wait Until Page Contains Element" library="SeleniumLibrary">
<arg>${article}</arg>
<doc>Waits until the element ``locator`` appears on the current page.</doc>
<status status="PASS" starttime="20220506 15:32:43.585" endtime="20220506 15:32:44.498"/>
</kw>
<kw name="Wait Until Keyword Succeeds" library="BuiltIn">
<arg>15x</arg>
<arg>10s</arg>
<arg>Scroll Element Into View</arg>
<arg>${article}</arg>
<doc>Runs the specified keyword and retries if it fails.</doc>
<kw name="Scroll Element Into View" library="SeleniumLibrary">
<arg>${article}</arg>
<doc>Scrolls the element identified by ``locator`` into view.</doc>
<msg timestamp="20220506 15:32:45.208" level="INFO" html="true">&lt;/td&gt;&lt;/tr&gt;&lt;tr&gt;&lt;td colspan="3"&gt;&lt;a href="selenium-screenshot-1.png"&gt;&lt;img src="selenium-screenshot-1.png" width="800px"&gt;&lt;/a&gt;</msg>
<msg timestamp="20220506 15:32:45.211" level="FAIL">MoveTargetOutOfBoundsException: Message: move target out of bounds
  (Session info: chrome=101.0.4951.54)
Stacktrace:
Backtrace:
	Ordinal0 [0x00F17413+2389011]
	Ordinal0 [0x00EA9F61+1941345]
	Ordinal0 [0x00D9C520+836896]
	Ordinal0 [0x00DFC59A+1230234]
	Ordinal0 [0x00DE414C+1130828]
	Ordinal0 [0x00DF4302+1196802]
	Ordinal0 [0x00DE3F66+1130342]
	Ordinal0 [0x00DBE546+976198]
	Ordinal0 [0x00DBF456+980054]
	GetHandleVerifier [0x010C9632+1727522]
	GetHandleVerifier [0x0117BA4D+2457661]
	GetHandleVerifier [0x00FAEB81+569713]
	GetHandleVerifier [0x00FADD76+566118]
	Ordinal0 [0x00EB0B2B+1968939]
	Ordinal0 [0x00EB5988+1989000]
	Ordinal0 [0x00EB5A75+1989237]
	Ordinal0 [0x00EBECB1+2026673]
	BaseThreadInitThunk [0x778BFA29+25]
	RtlGetAppContainerNamedObjectPath [0x77A97A7E+286]
	RtlGetAppContainerNamedObjectPath [0x77A97A4E+238]
</msg>
<status status="FAIL" starttime="20220506 15:32:44.501" endtime="20220506 15:32:45.228"/>
</kw>
<kw name="Scroll Element Into View" library="SeleniumLibrary">
<arg>${article}</arg>
<doc>Scrolls the element identified by ``locator`` into view.</doc>
<msg timestamp="20220506 15:32:55.554" level="INFO" html="true">&lt;/td&gt;&lt;/tr&gt;&lt;tr&gt;&lt;td colspan="3"&gt;&lt;a href="selenium-screenshot-2.png"&gt;&lt;img src="selenium-screenshot-2.png" width="800px"&gt;&lt;/a&gt;</msg>
<msg timestamp="20220506 15:32:55.555" level="FAIL">MoveTargetOutOfBoundsException: Message: move target out of bounds
  (Session info: chrome=101.0.4951.54)
Stacktrace:
Backtrace:
	Ordinal0 [0x00F17413+2389011]
	Ordinal0 [0x00EA9F61+1941345]
	Ordinal0 [0x00D9C520+836896]
	Ordinal0 [0x00DFC59A+1230234]
	Ordinal0 [0x00DE414C+1130828]
	Ordinal0 [0x00DF4302+1196802]
	Ordinal0 [0x00DE3F66+1130342]
	Ordinal0 [0x00DBE546+976198]
	Ordinal0 [0x00DBF456+980054]
	GetHandleVerifier [0x010C9632+1727522]
	GetHandleVerifier [0x0117BA4D+2457661]
	GetHandleVerifier [0x00FAEB81+569713]
	GetHandleVerifier [0x00FADD76+566118]
	Ordinal0 [0x00EB0B2B+1968939]
	Ordinal0 [0x00EB5988+1989000]
	Ordinal0 [0x00EB5A75+1989237]
	Ordinal0 [0x00EBECB1+2026673]
	BaseThreadInitThunk [0x778BFA29+25]
	RtlGetAppContainerNamedObjectPath [0x77A97A7E+286]
	RtlGetAppContainerNamedObjectPath [0x77A97A4E+238]
</msg>
<status status="FAIL" starttime="20220506 15:32:55.235" endtime="20220506 15:32:55.556"/>
</kw>
<kw name="Scroll Element Into View" library="SeleniumLibrary">
<arg>${article}</arg>
<doc>Scrolls the element identified by ``locator`` into view.</doc>
<msg timestamp="20220506 15:33:05.901" level="INFO" html="true">&lt;/td&gt;&lt;/tr&gt;&lt;tr&gt;&lt;td colspan="3"&gt;&lt;a href="selenium-screenshot-3.png"&gt;&lt;img src="selenium-screenshot-3.png" width="800px"&gt;&lt;/a&gt;</msg>
<msg timestamp="20220506 15:33:05.903" level="FAIL">MoveTargetOutOfBoundsException: Message: move target out of bounds
  (Session info: chrome=101.0.4951.54)
Stacktrace:
Backtrace:
	Ordinal0 [0x00F17413+2389011]
	Ordinal0 [0x00EA9F61+1941345]
	Ordinal0 [0x00D9C520+836896]
	Ordinal0 [0x00DFC59A+1230234]
	Ordinal0 [0x00DE414C+1130828]
	Ordinal0 [0x00DF4302+1196802]
	Ordinal0 [0x00DE3F66+1130342]
	Ordinal0 [0x00DBE546+976198]
	Ordinal0 [0x00DBF456+980054]
	GetHandleVerifier [0x010C9632+1727522]
	GetHandleVerifier [0x0117BA4D+2457661]
	GetHandleVerifier [0x00FAEB81+569713]
	GetHandleVerifier [0x00FADD76+566118]
	Ordinal0 [0x00EB0B2B+1968939]
	Ordinal0 [0x00EB5988+1989000]
	Ordinal0 [0x00EB5A75+1989237]
	Ordinal0 [0x00EBECB1+2026673]
	BaseThreadInitThunk [0x778BFA29+25]
	RtlGetAppContainerNamedObjectPath [0x77A97A7E+286]
	RtlGetAppContainerNamedObjectPath [0x77A97A4E+238]
</msg>
<status status="FAIL" starttime="20220506 15:33:05.562" endtime="20220506 15:33:05.905"/>
</kw>
<kw name="Scroll Element Into View" library="SeleniumLibrary">
<arg>${article}</arg>
<doc>Scrolls the element identified by ``locator`` into view.</doc>
<msg timestamp="20220506 15:33:16.165" level="INFO" html="true">&lt;/td&gt;&lt;/tr&gt;&lt;tr&gt;&lt;td colspan="3"&gt;&lt;a href="selenium-screenshot-4.png"&gt;&lt;img src="selenium-screenshot-4.png" width="800px"&gt;&lt;/a&gt;</msg>
<msg timestamp="20220506 15:33:16.166" level="FAIL">MoveTargetOutOfBoundsException: Message: move target out of bounds
  (Session info: chrome=101.0.4951.54)
Stacktrace:
Backtrace:
	Ordinal0 [0x00F17413+2389011]
	Ordinal0 [0x00EA9F61+1941345]
	Ordinal0 [0x00D9C520+836896]
	Ordinal0 [0x00DFC59A+1230234]
	Ordinal0 [0x00DE414C+1130828]
	Ordinal0 [0x00DF4302+1196802]
	Ordinal0 [0x00DE3F66+1130342]
	Ordinal0 [0x00DBE546+976198]
	Ordinal0 [0x00DBF456+980054]
	GetHandleVerifier [0x010C9632+1727522]
	GetHandleVerifier [0x0117BA4D+2457661]
	GetHandleVerifier [0x00FAEB81+569713]
	GetHandleVerifier [0x00FADD76+566118]
	Ordinal0 [0x00EB0B2B+1968939]
	Ordinal0 [0x00EB5988+1989000]
	Ordinal0 [0x00EB5A75+1989237]
	Ordinal0 [0x00EBECB1+2026673]
	BaseThreadInitThunk [0x778BFA29+25]
	RtlGetAppContainerNamedObjectPath [0x77A97A7E+286]
	RtlGetAppContainerNamedObjectPath [0x77A97A4E+238]
</msg>
<status status="FAIL" starttime="20220506 15:33:15.907" endtime="20220506 15:33:16.169"/>
</kw>
<kw name="Scroll Element Into View" library="SeleniumLibrary">
<arg>${article}</arg>
<doc>Scrolls the element identified by ``locator`` into view.</doc>
<status status="PASS" starttime="20220506 15:33:26.171" endtime="20220506 15:33:26.470"/>
</kw>
<status status="PASS" starttime="20220506 15:32:44.499" endtime="20220506 15:33:26.470"/>
</kw>
<status status="PASS" starttime="20220506 15:32:42.575" endtime="20220506 15:33:26.470"/>
</kw>
<kw name="Select Product" library="CheckAvailabilityOfProduct">
<kw name="Click Element" library="SeleniumLibrary">
<arg>//span[contains(text(),'ناموجود')]</arg>
<doc>Click the element identified by ``locator``.</doc>
<msg timestamp="20220506 15:33:26.473" level="INFO">Clicking element '//span[contains(text(),'ناموجود')]'.</msg>
<msg timestamp="20220506 15:33:27.949" level="INFO" html="true">&lt;/td&gt;&lt;/tr&gt;&lt;tr&gt;&lt;td colspan="3"&gt;&lt;a href="selenium-screenshot-5.png"&gt;&lt;img src="selenium-screenshot-5.png" width="800px"&gt;&lt;/a&gt;</msg>
<msg timestamp="20220506 15:33:27.951" level="FAIL">ElementClickInterceptedException: Message: element click intercepted: Element is not clickable at point (720, -10119)
  (Session info: chrome=101.0.4951.54)
Stacktrace:
Backtrace:
	Ordinal0 [0x00F17413+2389011]
	Ordinal0 [0x00EA9F61+1941345]
	Ordinal0 [0x00D9C658+837208]
	Ordinal0 [0x00DCF8AF+1046703]
	Ordinal0 [0x00DCD8D6+1038550]
	Ordinal0 [0x00DCB5EB+1029611]
	Ordinal0 [0x00DCA359+1024857]
	Ordinal0 [0x00DBFF93+982931]
	Ordinal0 [0x00DE414C+1130828]
	Ordinal0 [0x00DBF974+981364]
	Ordinal0 [0x00DE4364+1131364]
	Ordinal0 [0x00DF4302+1196802]
	Ordinal0 [0x00DE3F66+1130342]
	Ordinal0 [0x00DBE546+976198]
	Ordinal0 [0x00DBF456+980054]
	GetHandleVerifier [0x010C9632+1727522]
	GetHandleVerifier [0x0117BA4D+2457661]
	GetHandleVerifier [0x00FAEB81+569713]
	GetHandleVerifier [0x00FADD76+566118]
	Ordinal0 [0x00EB0B2B+1968939]
	Ordinal0 [0x00EB5988+1989000]
	Ordinal0 [0x00EB5A75+1989237]
	Ordinal0 [0x00EBECB1+2026673]
	BaseThreadInitThunk [0x778BFA29+25]
	RtlGetAppContainerNamedObjectPath [0x77A97A7E+286]
	RtlGetAppContainerNamedObjectPath [0x77A97A4E+238]
</msg>
<status status="FAIL" starttime="20220506 15:33:26.472" endtime="20220506 15:33:27.958"/>
</kw>
<status status="FAIL" starttime="20220506 15:33:26.471" endtime="20220506 15:33:27.966"/>
</kw>
<status status="FAIL" starttime="20220506 15:31:50.419" endtime="20220506 15:33:27.983">ElementClickInterceptedException: Message: element click intercepted: Element is not clickable at point (720, -10119)
  (Session info: chrome=101.0.4951.54)
Stacktrace:
Backtrace:
	Ordinal0 [0x00F17413+2389011]
	Ordinal0 [0x00EA9F61+1941345]
	Ordinal0 [0x00D9C658+837208]
	Ordinal0 [0x00DCF8AF+1046703]
	Ordinal0 [0x00DCD8D6+1038550]
	Ordinal0 [0x00DCB5EB+1029611]
	Ordinal0 [0x00DCA359+1024857]
	Ordinal0 [0x00DBFF93+982931]
	Ordinal0 [0x00DE414C+1130828]
	Ordinal0 [0x00DBF974+981364]
	Ordinal0 [0x00DE4364+1131364]
	Ordinal0 [0x00DF4302+1196802]
	Ordinal0 [0x00DE3F66+1130342]
	Ordinal0 [0x00DBE546+976198]
	Ordinal0 [0x00DBF456+980054]
	GetHandleVerifier [0x010C9632+1727522]
	GetHandleVerifier [0x0117BA4D+2457661]
	GetHandleVerifier [0x00FAEB81+569713]
	GetHandleVerifier [0x00FADD76+566118]
	Ordinal0 [0x00EB0B2B+1968939]
	Ordinal0 [0x00EB5988+1989000]
	Ordinal0 [0x00EB5A75+1989237]
	Ordinal0 [0x00EBECB1+2026673]
	BaseThreadInitThunk [0x778BFA29+25]
	RtlGetAppContainerNamedObjectPath [0x77A97A7E+286]
	RtlGetAppContainerNamedObjectPath [0x77A97A4E+238]
</status>
</test>
<doc>This is a test to check the capabilities of a product</doc>
<status status="FAIL" starttime="20220506 15:31:49.251" endtime="20220506 15:33:28.038"/>
</suite>
<statistics>
<total>
<stat pass="0" fail="1" skip="0">All Tests</stat>
</total>
<tag>
</tag>
<suite>
<stat pass="0" fail="1" skip="0" id="s1" name="AvailabilityOfProduct">AvailabilityOfProduct</stat>
</suite>
</statistics>
<errors>
</errors>
</robot>
